<?xml version="1.0" encoding="UTF-8"?>
<!-- Generated by org.testng.reporters.JUnitReportReporter -->
<testsuite skipped="0" hostname="DESKTOP-I27NA7P" name="com.qa.tests.Testdmart" tests="1" failures="0" timestamp="06 Jul 2021 04:08:16 GMT" time="127.907" errors="0">
  <testcase name="registration" time="127.907" classname="com.qa.tests.Testdmart"/>
</testsuite> <!-- com.qa.tests.Testdmart -->
