<?xml version="1.0" encoding="UTF-8"?>
<!-- Generated by org.testng.reporters.JUnitReportReporter -->
<testsuite skipped="0" hostname="DESKTOP-I27NA7P" name="com.qa.tests.Testc" tests="1" failures="0" timestamp="02 Jun 2021 03:58:56 GMT" time="6.590" errors="0">
  <testcase name="registration" time="6.590" classname="com.qa.tests.Testc"/>
</testsuite> <!-- com.qa.tests.Testc -->
