<?xml version="1.0" encoding="UTF-8"?>
<!-- Generated by org.testng.reporters.JUnitReportReporter -->
<testsuite skipped="0" hostname="DESKTOP-I27NA7P" name="com.qa.tests.Testwolf" tests="1" failures="0" timestamp="03 Jul 2021 08:54:37 GMT" time="15.933" errors="0">
  <testcase name="registration" time="15.933" classname="com.qa.tests.Testwolf"/>
</testsuite> <!-- com.qa.tests.Testwolf -->
