<?xml version="1.0" encoding="UTF-8"?>
<!-- Generated by org.testng.reporters.JUnitReportReporter -->
<testsuite skipped="0" hostname="DESKTOP-I27NA7P" name="com.qa.tests.Testlampscromption" tests="1" failures="0" timestamp="17 Jun 2021 15:41:05 GMT" time="12.225" errors="0">
  <testcase name="registration" time="12.225" classname="com.qa.tests.Testlampscromption"/>
</testsuite> <!-- com.qa.tests.Testlampscromption -->
