<?xml version="1.0" encoding="UTF-8"?>
<!-- Generated by org.testng.reporters.JUnitReportReporter -->
<testsuite skipped="0" hostname="DESKTOP-I27NA7P" name="com.qa.tests.Testonemg" tests="1" failures="0" timestamp="03 Jul 2021 08:50:14 GMT" time="70.074" errors="0">
  <testcase name="registration" time="70.074" classname="com.qa.tests.Testonemg"/>
</testsuite> <!-- com.qa.tests.Testonemg -->
