<?xml version="1.0" encoding="UTF-8"?>
<!-- Generated by org.testng.reporters.JUnitReportReporter -->
<testsuite skipped="0" hostname="DESKTOP-I27NA7P" name="com.qa.tests.Testlamp" tests="1" failures="0" timestamp="28 Jun 2021 07:54:30 GMT" time="93.589" errors="0">
  <testcase name="registration" time="93.589" classname="com.qa.tests.Testlamp"/>
</testsuite> <!-- com.qa.tests.Testlamp -->
