<?xml version="1.0" encoding="UTF-8"?>
<!-- Generated by org.testng.reporters.JUnitReportReporter -->
<testsuite skipped="0" hostname="DESKTOP-I27NA7P" name="com.qa.tests.Testnaptol" tests="1" failures="0" timestamp="16 Jun 2021 16:26:05 GMT" time="38.028" errors="0">
  <testcase name="registration" time="38.028" classname="com.qa.tests.Testnaptol"/>
</testsuite> <!-- com.qa.tests.Testnaptol -->
