<?xml version="1.0" encoding="UTF-8"?>
<!-- Generated by org.testng.reporters.JUnitReportReporter -->
<testsuite skipped="0" hostname="DESKTOP-I27NA7P" name="com.qa.tests.Bulgariatest" tests="1" failures="0" timestamp="23 Jun 2021 14:28:20 GMT" time="22.973" errors="0">
  <testcase name="registration" time="22.973" classname="com.qa.tests.Bulgariatest"/>
</testsuite> <!-- com.qa.tests.Bulgariatest -->
