<?xml version="1.0" encoding="UTF-8"?>
<!-- Generated by org.testng.reporters.JUnitReportReporter -->
<testsuite skipped="0" hostname="DESKTOP-I27NA7P" name="com.qa.tests.Testchek" tests="1" failures="0" timestamp="01 Jun 2021 15:29:26 GMT" time="4.481" errors="0">
  <testcase name="registration" time="4.481" classname="com.qa.tests.Testchek"/>
</testsuite> <!-- com.qa.tests.Testchek -->
