<?xml version="1.0" encoding="UTF-8"?>
<!-- Generated by org.testng.reporters.JUnitReportReporter -->
<testsuite skipped="0" hostname="DESKTOP-I27NA7P" name="com.qa.tests.Italyairlinetests" tests="1" failures="0" timestamp="17 Jun 2021 08:35:15 GMT" time="25.104" errors="0">
  <testcase name="registration" time="25.104" classname="com.qa.tests.Italyairlinetests"/>
</testsuite> <!-- com.qa.tests.Italyairlinetests -->
