<?xml version="1.0" encoding="UTF-8"?>
<!-- Generated by org.testng.reporters.JUnitReportReporter -->
<testsuite skipped="0" hostname="DESKTOP-I27NA7P" name="com.qa.tests.TestGeorgia" tests="1" failures="0" timestamp="17 Jun 2021 05:09:20 GMT" time="12.499" errors="0">
  <testcase name="registration" time="12.499" classname="com.qa.tests.TestGeorgia"/>
</testsuite> <!-- com.qa.tests.TestGeorgia -->
