<?xml version="1.0" encoding="UTF-8"?>
<!-- Generated by org.testng.reporters.JUnitReportReporter -->
<testsuite skipped="0" hostname="DESKTOP-I27NA7P" name="com.qa.tests.Testtelmedpage" tests="1" failures="0" timestamp="06 Jul 2021 14:26:55 GMT" time="56.024" errors="0">
  <testcase name="registration" time="56.024" classname="com.qa.tests.Testtelmedpage"/>
</testsuite> <!-- com.qa.tests.Testtelmedpage -->
