<?xml version="1.0" encoding="UTF-8"?>
<!-- Generated by org.testng.reporters.JUnitReportReporter -->
<testsuite skipped="0" hostname="DESKTOP-I27NA7P" name="com.qa.tests.Testflower" tests="1" failures="0" timestamp="12 Jun 2021 18:55:53 GMT" time="13.937" errors="0">
  <testcase name="registration" time="13.937" classname="com.qa.tests.Testflower"/>
</testsuite> <!-- com.qa.tests.Testflower -->
