<?xml version="1.0" encoding="UTF-8"?>
<!-- Generated by org.testng.reporters.JUnitReportReporter -->
<testsuite skipped="0" hostname="DESKTOP-I27NA7P" name="com.qa.tests.Testban" tests="1" failures="0" timestamp="21 Jun 2021 16:49:12 GMT" time="15.383" errors="0">
  <testcase name="registration" time="15.383" classname="com.qa.tests.Testban"/>
</testsuite> <!-- com.qa.tests.Testban -->
