<?xml version="1.0" encoding="UTF-8"?>
<!-- Generated by org.testng.reporters.JUnitReportReporter -->
<testsuite skipped="0" hostname="DESKTOP-I27NA7P" name="com.qa.tests.TestKenya" tests="1" failures="0" timestamp="18 Jun 2021 05:50:45 GMT" time="7.622" errors="0">
  <testcase name="registration" time="7.622" classname="com.qa.tests.TestKenya"/>
</testsuite> <!-- com.qa.tests.TestKenya -->
