<?xml version="1.0" encoding="UTF-8"?>
<!-- Generated by org.testng.reporters.JUnitReportReporter -->
<testsuite skipped="0" hostname="DESKTOP-I27NA7P" name="com.qa.tests.TestRediff" tests="1" failures="0" timestamp="29 May 2021 09:07:52 GMT" time="68.635" errors="0">
  <testcase name="registration" time="68.635" classname="com.qa.tests.TestRediff"/>
</testsuite> <!-- com.qa.tests.TestRediff -->
